


ARM Macro Assembler    Page 1 


    1 00000000         ;* -----------------------------------------------------
                       -------------
    2 00000000         ;* --  _____       ______  _____                        
                                   -
    3 00000000         ;* -- |_   _|     |  ____|/ ____|                       
                                   -
    4 00000000         ;* --   | |  _ __ | |__  | (___    Institute of Embedded
                        Systems    -
    5 00000000         ;* --   | | | '_ \|  __|  \___ \   Zurich University of 
                                   -
    6 00000000         ;* --  _| |_| | | | |____ ____) |  Applied Sciences     
                                   -
    7 00000000         ;* -- |_____|_| |_|______|_____/   8401 Winterthur, Swit
                       zerland     -
    8 00000000         ;* -----------------------------------------------------
                       -------------
    9 00000000         ;* --
   10 00000000         ;* -- Project     : CT1 - Lab 9
   11 00000000         ;* -- Description : Multiplication 32 bit unsigned
   12 00000000         ;* -- 
   13 00000000         ;* -- $Id: $
   14 00000000         ;* -----------------------------------------------------
                       -------------
   15 00000000         
   16 00000000         
   17 00000000         
   18 00000000 00000008 
                       NR_OF_TESTS
                               EQU              8
   19 00000000         
   20 00000000         ; ------------------------------------------------------
                       -------------
   21 00000000         ; -- Code
   22 00000000         ; ------------------------------------------------------
                       -------------
   23 00000000         
   24 00000000                 AREA             myCode, CODE, READONLY
   25 00000000         
   26 00000000                 THUMB
   27 00000000         
   28 00000000         ; ------------------------------------------------------
                       -------------
   29 00000000         ; -- Test
   30 00000000         ; ------------------------------------------------------
                       -------------   
   31 00000000         
   32 00000000         mul_u32 PROC
   33 00000000                 EXPORT           mul_u32
   34 00000000                 IMPORT           display_title
   35 00000000                 IMPORT           tests_32x32
   36 00000000 B50E            PUSH             {R1-R3,LR}
   37 00000002         
   38 00000002 480D            LDR              R0,=title
   39 00000004 F7FF FFFE       BL               display_title
   40 00000008         
   41 00000008 4B0C            LDR              R3,=result_table
   42 0000000A 4A0D            LDR              R2,=values
   43 0000000C 490D            LDR              R1,=NR_OF_TESTS
   44 0000000E 480E            LDR              R0,=operation



ARM Macro Assembler    Page 2 


   45 00000010 F7FF FFFE       BL               tests_32x32
   46 00000014         
   47 00000014 BD0E            POP              {R1-R3,PC}
   48 00000016                 ENDP
   49 00000016         
   50 00000016         ; ------------------------------------------------------
                       -------------
   51 00000016         ; 32 bit multiplication
   52 00000016         ; - multiplier in R0
   53 00000016         ; - multiplicand in R1
   54 00000016         ; - 64 bit result in R1:R0 (upper:lower)
   55 00000016         ; ------------------------------------------------------
                       -------------
   56 00000016         operation
                               PROC
   57 00000016 B5F0            PUSH             {R4-R7,LR}
   58 00000018         
   59 00000018         ; Instruction: do not use high registers in your code, 
   60 00000018         ; or make sure they contain thier original values
   61 00000018         ; when the function returns
   62 00000018         
   63 00000018         ; STUDENTS: To be programmed                        
   64 00000018 2200            MOVS             R2, #0
   65 0000001A 2400            MOVS             R4, #0
   66 0000001C 2500            MOVS             R5, #0
   67 0000001E         loop
   68 0000001E 0840            LSRS             R0, #1
   69 00000020 D301            BCC              addEnd
   70 00000022         addValue
   71 00000022 1864            ADDS             R4, R1
   72 00000024 4155            ADCS             R5, R2      ;Carry
   73 00000026         addEnd
   74 00000026 0052            LSLS             R2, #1
   75 00000028 0049            LSLS             R1, #1
   76 0000002A D300            BCC              increaseEnd
   77 0000002C         increaseR2
   78 0000002C 3201            ADDS             R2, #1
   79 0000002E         increaseEnd
   80 0000002E 2800            CMP              R0, #0
   81 00000030 D1F5            BNE              loop
   82 00000032         
   83 00000032         endLoop
   84 00000032 0020            MOVS             R0, R4
   85 00000034 0029            MOVS             R1, R5
   86 00000036         
   87 00000036         ; END: To be programmed
   88 00000036         
   89 00000036 BDF0            POP              {R4-R7,PC}  ; return R0
   90 00000038                 ENDP
   91 00000038         
   92 00000038                 ALIGN
   93 00000038         
   94 00000038         ; ------------------------------------------------------
                       -------------
   95 00000038         ; -- Constants
   96 00000038         ; ------------------------------------------------------
                       -------------
   97 00000038 00000000 
              00000000 



ARM Macro Assembler    Page 3 


              00000000 
              00000008 
              00000000         AREA             myConstants, DATA, READONLY
   98 00000000         
   99 00000000 00000001 
                       values  DCD              0x00000001
  100 00000004 FFFFFFFF        DCD              0xffffffff
  101 00000008 FFFFFFFF 
              00000000         DCQ              0x00000000ffffffff
  102 00000010         
  103 00000010 00001717        DCD              0x00001717
  104 00000014 00004A4A        DCD              0x00004a4a
  105 00000018 06B352A6 
              00000000         DCQ              0x0000000006b352a6
  106 00000020         
  107 00000020 00001717        DCD              0x00001717
  108 00000024 FFFFFFFF        DCD              0xffffffff
  109 00000028 FFFFE8E9 
              00001716         DCQ              0x00001716FFFFE8E9
  110 00000030         
  111 00000030 73A473A4        DCD              0x73a473a4
  112 00000034 4C284C28        DCD              0x4c284c28
  113 00000038 A5A6C1A0 
              2267066D         DCQ              0x2267066da5a6c1a0
  114 00000040         
  115 00000040 43F887CC        DCD              0x43f887cc
  116 00000044 C33E6ABF        DCD              0xc33e6abf
  117 00000048 E60FC934 
              33D6E1F8         DCQ              0x33d6e1f8e60fc934
  118 00000050         
  119 00000050 E372E372        DCD              0xe372e372
  120 00000054 00340234        DCD              0x00340234
  121 00000058 4C451728 
              002E354B         DCQ              0x002e354b4c451728
  122 00000060         
  123 00000060 22DDDD22        DCD              0x22dddd22
  124 00000064 BCCCDDDE        DCD              0xbcccddde
  125 00000068 F3641D7C 
              19B6D568         DCQ              0x19b6d568f3641d7c
  126 00000070         
  127 00000070 7FFFFFFF        DCD              0x7fffffff
  128 00000074 7FFFFFFF        DCD              0x7fffffff
  129 00000078 00000001 
              3FFFFFFF         DCQ              0x3fffffff00000001
  130 00000080         
  131 00000080 6D 75 6C 
              5F 75 33 
              32 00    title   DCB              "mul_u32", 0
  132 00000088         
  133 00000088                 ALIGN
  134 00000088         ; ------------------------------------------------------
                       -------------
  135 00000088         ; -- Variables
  136 00000088         ; ------------------------------------------------------
                       -------------
  137 00000088                 AREA             myVars, DATA, READWRITE
  138 00000000         
  139 00000000 00 00 00 
              00 00 00 



ARM Macro Assembler    Page 4 


              00 00 00 
              00 00 00 
              00 00 00 
              00 00 00 
              00 00 00 
              00 00 00 
              00 00 00 
              00 00 00 
              00 00 00 
              00 00 00 
              00 00 00 
              00 00 00 
              00 00 00 
              00 00 00 
              00 00 00 
              00 00 00 
              00 00 00 
              00 00 00 
              00 00 00 
              00       result_table
                               SPACE            NR_OF_TESTS*8
  140 00000040         
  141 00000040         
  142 00000040         ; ------------------------------------------------------
                       -------------
  143 00000040         ; -- End of file
  144 00000040         ; ------------------------------------------------------
                       -------------                      
  145 00000040                 END
Command Line: --debug --xref --diag_suppress=9931 --cpu=Cortex-M0 --depend=.\bu
ild\mul_u32.d -o.\build\mul_u32.o -I.\RTE\_Target_1 -IC:\Users\Asha\AppData\Loc
al\Arm\Packs\InES\CTBoard14_DFP\4.0.2\Device\Include -IC:\Users\Asha\AppData\Lo
cal\Arm\Packs\InES\CTBoard14_DFP\4.0.2\Device\Include\m0 -IC:\Users\Asha\AppDat
a\Local\Arm\Packs\InES\CTBoard14_DFP\4.0.2\HAL\Include --predefine="__EVAL SETA
 1" --predefine="__UVISION_VERSION SETA 537" --predefine="_RTE_ SETA 1" --prede
fine="_RTE_ SETA 1" --list=.\build\mul_u32.lst app\mul_u32.s



ARM Macro Assembler    Page 1 Alphabetic symbol ordering
Relocatable symbols

addEnd 00000026

Symbol: addEnd
   Definitions
      At line 73 in file app\mul_u32.s
   Uses
      At line 69 in file app\mul_u32.s
Comment: addEnd used once
addValue 00000022

Symbol: addValue
   Definitions
      At line 70 in file app\mul_u32.s
   Uses
      None
Comment: addValue unused
endLoop 00000032

Symbol: endLoop
   Definitions
      At line 83 in file app\mul_u32.s
   Uses
      None
Comment: endLoop unused
increaseEnd 0000002E

Symbol: increaseEnd
   Definitions
      At line 79 in file app\mul_u32.s
   Uses
      At line 76 in file app\mul_u32.s
Comment: increaseEnd used once
increaseR2 0000002C

Symbol: increaseR2
   Definitions
      At line 77 in file app\mul_u32.s
   Uses
      None
Comment: increaseR2 unused
loop 0000001E

Symbol: loop
   Definitions
      At line 67 in file app\mul_u32.s
   Uses
      At line 81 in file app\mul_u32.s
Comment: loop used once
mul_u32 00000000

Symbol: mul_u32
   Definitions
      At line 32 in file app\mul_u32.s
   Uses
      At line 33 in file app\mul_u32.s
Comment: mul_u32 used once
myCode 00000000

Symbol: myCode



ARM Macro Assembler    Page 2 Alphabetic symbol ordering
Relocatable symbols

   Definitions
      At line 24 in file app\mul_u32.s
   Uses
      None
Comment: myCode unused
operation 00000016

Symbol: operation
   Definitions
      At line 56 in file app\mul_u32.s
   Uses
      At line 44 in file app\mul_u32.s
Comment: operation used once
9 symbols



ARM Macro Assembler    Page 1 Alphabetic symbol ordering
Relocatable symbols

myConstants 00000000

Symbol: myConstants
   Definitions
      At line 97 in file app\mul_u32.s
   Uses
      None
Comment: myConstants unused
title 00000080

Symbol: title
   Definitions
      At line 131 in file app\mul_u32.s
   Uses
      At line 38 in file app\mul_u32.s
Comment: title used once
values 00000000

Symbol: values
   Definitions
      At line 99 in file app\mul_u32.s
   Uses
      At line 42 in file app\mul_u32.s
Comment: values used once
3 symbols



ARM Macro Assembler    Page 1 Alphabetic symbol ordering
Relocatable symbols

myVars 00000000

Symbol: myVars
   Definitions
      At line 137 in file app\mul_u32.s
   Uses
      None
Comment: myVars unused
result_table 00000000

Symbol: result_table
   Definitions
      At line 139 in file app\mul_u32.s
   Uses
      At line 41 in file app\mul_u32.s
Comment: result_table used once
2 symbols



ARM Macro Assembler    Page 1 Alphabetic symbol ordering
Absolute symbols

NR_OF_TESTS 00000008

Symbol: NR_OF_TESTS
   Definitions
      At line 18 in file app\mul_u32.s
   Uses
      At line 43 in file app\mul_u32.s
      At line 139 in file app\mul_u32.s

1 symbol



ARM Macro Assembler    Page 1 Alphabetic symbol ordering
External symbols

display_title 00000000

Symbol: display_title
   Definitions
      At line 34 in file app\mul_u32.s
   Uses
      At line 39 in file app\mul_u32.s
Comment: display_title used once
tests_32x32 00000000

Symbol: tests_32x32
   Definitions
      At line 35 in file app\mul_u32.s
   Uses
      At line 45 in file app\mul_u32.s
Comment: tests_32x32 used once
2 symbols
352 symbols in table
