


ARM Macro Assembler    Page 1 


    1 00000000         ; ------------------------------------------------------
                       ------------
    2 00000000         ; --  _____       ______  _____                         
                                  -
    3 00000000         ; -- |_   _|     |  ____|/ ____|                        
                                  -
    4 00000000         ; --   | |  _ __ | |__  | (___    Institute of Embedded 
                       Systems    -
    5 00000000         ; --   | | | '_ \|  __|  \___ \   Zurich University of  
                                  -
    6 00000000         ; --  _| |_| | | | |____ ____) |  Applied Sciences      
                                  -
    7 00000000         ; -- |_____|_| |_|______|_____/   8401 Winterthur, Switz
                       erland     -
    8 00000000         ; ------------------------------------------------------
                       ------------
    9 00000000         ; --
   10 00000000         ; -- sumdiff.s
   11 00000000         ; --
   12 00000000         ; -- CT1 P05 Summe und Differenz
   13 00000000         ; --
   14 00000000         ; -- $Id: sumdiff.s 705 2014-09-16 11:44:22Z muln $
   15 00000000         ; ------------------------------------------------------
                       ------------
   16 00000000         ;Directives
   17 00000000                 PRESERVE8
   18 00000000                 THUMB
   19 00000000         
   20 00000000         ; ------------------------------------------------------
                       ------------
   21 00000000         ; -- Symbolic Literals
   22 00000000         ; ------------------------------------------------------
                       ------------
   23 00000000 60000200 
                       ADDR_DIP_SWITCH_7_0
                               EQU              0x60000200
   24 00000000 60000201 
                       ADDR_DIP_SWITCH_15_8
                               EQU              0x60000201
   25 00000000 60000100 
                       ADDR_LED_7_0
                               EQU              0x60000100
   26 00000000 60000101 
                       ADDR_LED_15_8
                               EQU              0x60000101
   27 00000000 60000102 
                       ADDR_LED_23_16
                               EQU              0x60000102
   28 00000000 60000103 
                       ADDR_LED_31_24
                               EQU              0x60000103
   29 00000000         
   30 00000000         ; ------------------------------------------------------
                       ------------
   31 00000000         ; -- myCode
   32 00000000         ; ------------------------------------------------------
                       ------------
   33 00000000                 AREA             MyCode, CODE, READONLY
   34 00000000         



ARM Macro Assembler    Page 2 


   35 00000000         main    PROC
   36 00000000                 EXPORT           main
   37 00000000         
   38 00000000         user_prog
   39 00000000         ; STUDENTS: To be programmed
   40 00000000 480F            LDR              R0, =ADDR_DIP_SWITCH_15_8 ;Load
                                                             address of Dipswit
                                                            ch 8-15 into R0
   41 00000002 6800            LDR              R0,[R0]     ;(Operand A) Read v
                                                            alue of Dipswitches
                                                             8-15 into R0 
   42 00000004 0600            LSLS             R0,R0,#24   ;Shift value of dip
                                                            switch 8-15 to the 
                                                            left by 24 bits (ri
                                                            ght hand side fille
                                                            d with 0)
   43 00000006         
   44 00000006 490F            LDR              R1,=ADDR_DIP_SWITCH_7_0 ;Load a
                                                            ddress of Dipswitch
                                                             0-7 into R1
   45 00000008 6809            LDR              R1,[R1]     ;(Operand B) Read v
                                                            alue of Dipswitches
                                                             0-7 into R1
   46 0000000A 0609            LSLS             R1,R1,#24   ;Shift value of Dip
                                                            switches 0-7 to the
                                                             left by 24bits (ri
                                                            ght hand side fille
                                                            d with 0)
   47 0000000C         
   48 0000000C 1840            ADDS             R0,R0,R1    ;R0 = R0+R1 added V
                                                            alues Dipswitch 8-1
                                                            5 and Dipswicht 0-7
                                                            
   49 0000000E F3EF 8400       MRS              R4, APSR    ;Read processor fla
                                                            g into R4
   50 00000012 0E00            LSRS             R0,R0,#24   ;Shift right to aft
                                                            erwards display bit
                                                             31-28
   51 00000014 4A0C            LDR              R2,=ADDR_LED_7_0 ;Load address 
                                                            of LED 0-7 into R2
   52 00000016 7010            STRB             R0,[R2]     ;Write sum value in
                                                             R0 into R2 (LED 0-
                                                            7)
   53 00000018 4E0C            LDR              R6,=ADDR_LED_15_8 ;Load address
                                                             of LED 8-15 into R
                                                            6
   54 0000001A 0E24            LSRS             R4,R4,#24
   55 0000001C 7034            STRB             R4,[R6]     ;Write value sum R4
                                                             into R6 LED 12-15
   56 0000001E         
   57 0000001E 4808            LDR              R0, =ADDR_DIP_SWITCH_15_8 ;Load
                                                             address of Dipswit
                                                            ch 8-15 into R0
   58 00000020 6800            LDR              R0,[R0]     ;(Operand A) Read v
                                                            alue of Dipswitches
                                                             8-15 into R0 
   59 00000022 0600            LSLS             R0,R0,#24   ;Shift value of dip
                                                            switch 8-15 to the 
                                                            left by 24 bits (ri



ARM Macro Assembler    Page 3 


                                                            ght hand side fille
                                                            d with 0)
   60 00000024         
   61 00000024 4907            LDR              R1,=ADDR_DIP_SWITCH_7_0 ;Load a
                                                            ddress of Dipswitch
                                                             0-7 into R1
   62 00000026 6809            LDR              R1,[R1]     ;(Operand B) Read v
                                                            alue of Dipswitches
                                                             0-7 into R1
   63 00000028 0609            LSLS             R1,R1,#24
   64 0000002A         
   65 0000002A 4B09            LDR              R3,=ADDR_LED_23_16 ;Load addres
                                                            s of LED 16-23 into
                                                             R3  
   66 0000002C 1A41            SUBS             R1,R0,R1    ;R1 = R0-R1 subtrac
                                                            t Values Dipswitch 
                                                            8-15 and Dipswitch 
                                                            0-7
   67 0000002E F3EF 8500       MRS              R5,APSR     ;Read processor fla
                                                            g into R5
   68 00000032 0E09            LSRS             R1,R1,#24   ;Shift right to aft
                                                            erwards display bit
                                                             12-15 
   69 00000034 4F07            LDR              R7,=ADDR_LED_31_24
   70 00000036 0E2D            LSRS             R5,R5,#24
   71 00000038 703D            STRB             R5,[R7]     ;Write Flag value s
                                                            ubtraction R5 into 
                                                            R7 LED 28-31  
   72 0000003A         
   73 0000003A 7019            STRB             R1,[R3]     ;Write difference v
                                                            alue in R1 into R3 
                                                            (LED 16-23) 
   74 0000003C         
   75 0000003C         
   76 0000003C         
   77 0000003C         
   78 0000003C         
   79 0000003C         
   80 0000003C         ; END: To be programmed
   81 0000003C E7E0            B                user_prog
   82 0000003E 00 00           ALIGN
   83 00000040         ; ------------------------------------------------------
                       ------------
   84 00000040         ; End of code
   85 00000040         ; ------------------------------------------------------
                       ------------
   86 00000040                 ENDP
   87 00000040                 END
              60000201 
              60000200 
              60000100 
              60000101 
              60000102 
              60000103 
Command Line: --debug --xref --diag_suppress=9931 --cpu=Cortex-M0 --depend=.\bu
ild\sumdiff.d -o.\build\sumdiff.o -I.\RTE\_Target_1 -IC:\Users\ashas\AppData\Lo
cal\Arm\Packs\InES\CTBoard14_DFP\4.0.2\Device\Include -IC:\Users\ashas\AppData\
Local\Arm\Packs\InES\CTBoard14_DFP\4.0.2\Device\Include\m0 -IC:\Users\ashas\App
Data\Local\Arm\Packs\InES\CTBoard14_DFP\4.0.2\HAL\Include --predefine="__EVAL S



ARM Macro Assembler    Page 4 


ETA 1" --predefine="__UVISION_VERSION SETA 537" --predefine="_RTE_ SETA 1" --pr
edefine="_RTE_ SETA 1" --list=.\build\sumdiff.lst app\sumdiff.s



ARM Macro Assembler    Page 1 Alphabetic symbol ordering
Relocatable symbols

MyCode 00000000

Symbol: MyCode
   Definitions
      At line 33 in file app\sumdiff.s
   Uses
      None
Comment: MyCode unused
main 00000000

Symbol: main
   Definitions
      At line 35 in file app\sumdiff.s
   Uses
      At line 36 in file app\sumdiff.s
Comment: main used once
user_prog 00000000

Symbol: user_prog
   Definitions
      At line 38 in file app\sumdiff.s
   Uses
      At line 81 in file app\sumdiff.s
Comment: user_prog used once
3 symbols



ARM Macro Assembler    Page 1 Alphabetic symbol ordering
Absolute symbols

ADDR_DIP_SWITCH_15_8 60000201

Symbol: ADDR_DIP_SWITCH_15_8
   Definitions
      At line 24 in file app\sumdiff.s
   Uses
      At line 40 in file app\sumdiff.s
      At line 57 in file app\sumdiff.s

ADDR_DIP_SWITCH_7_0 60000200

Symbol: ADDR_DIP_SWITCH_7_0
   Definitions
      At line 23 in file app\sumdiff.s
   Uses
      At line 44 in file app\sumdiff.s
      At line 61 in file app\sumdiff.s

ADDR_LED_15_8 60000101

Symbol: ADDR_LED_15_8
   Definitions
      At line 26 in file app\sumdiff.s
   Uses
      At line 53 in file app\sumdiff.s
Comment: ADDR_LED_15_8 used once
ADDR_LED_23_16 60000102

Symbol: ADDR_LED_23_16
   Definitions
      At line 27 in file app\sumdiff.s
   Uses
      At line 65 in file app\sumdiff.s
Comment: ADDR_LED_23_16 used once
ADDR_LED_31_24 60000103

Symbol: ADDR_LED_31_24
   Definitions
      At line 28 in file app\sumdiff.s
   Uses
      At line 69 in file app\sumdiff.s
Comment: ADDR_LED_31_24 used once
ADDR_LED_7_0 60000100

Symbol: ADDR_LED_7_0
   Definitions
      At line 25 in file app\sumdiff.s
   Uses
      At line 51 in file app\sumdiff.s
Comment: ADDR_LED_7_0 used once
6 symbols
344 symbols in table
