


ARM Macro Assembler    Page 1 


    1 00000000         ; ------------------------------------------------------
                       ------------
    2 00000000         ; --  _____       ______  _____                         
                                  -
    3 00000000         ; -- |_   _|     |  ____|/ ____|                        
                                  -
    4 00000000         ; --   | |  _ __ | |__  | (___    Institute of Embedded 
                       Systems    -
    5 00000000         ; --   | | | '_ \|  __|  \___ \   Zurich University of  
                                  -
    6 00000000         ; --  _| |_| | | | |____ ____) |  Applied Sciences      
                                  -
    7 00000000         ; -- |_____|_| |_|______|_____/   8401 Winterthur, Switz
                       erland     -
    8 00000000         ; ------------------------------------------------------
                       ------------
    9 00000000         ; --
   10 00000000         ; -- table.s
   11 00000000         ; --
   12 00000000         ; -- CT1 P04 Ein- und Ausgabe von Tabellenwerten
   13 00000000         ; --
   14 00000000         ; -- $Id: table.s 800 2014-10-06 13:19:25Z ruan $
   15 00000000         ; ------------------------------------------------------
                       ------------
   16 00000000         ;Directives
   17 00000000                 PRESERVE8
   18 00000000                 THUMB
   19 00000000         ; ------------------------------------------------------
                       ------------
   20 00000000         ; -- Symbolic Literals
   21 00000000         ; ------------------------------------------------------
                       ------------
   22 00000000 60000200 
                       ADDR_DIP_SWITCH_7_0
                               EQU              0x60000200
   23 00000000 60000201 
                       ADDR_DIP_SWITCH_15_8
                               EQU              0x60000201
   24 00000000 60000203 
                       ADDR_DIP_SWITCH_31_24
                               EQU              0x60000203
   25 00000000 60000100 
                       ADDR_LED_7_0
                               EQU              0x60000100
   26 00000000 60000101 
                       ADDR_LED_15_8
                               EQU              0x60000101
   27 00000000 60000102 
                       ADDR_LED_23_16
                               EQU              0x60000102
   28 00000000 60000103 
                       ADDR_LED_31_24
                               EQU              0x60000103
   29 00000000 60000210 
                       ADDR_BUTTONS
                               EQU              0x60000210
   30 00000000 60000114 
                       ADDR_DISPL_0_1
                               EQU              0x60000114



ARM Macro Assembler    Page 2 


   31 00000000 60000115 
                       ADDR_DISPL_2_3
                               EQU              0x60000115
   32 00000000         
   33 00000000 00000001 
                       BITMASK_KEY_T0
                               EQU              0x01
   34 00000000 0000000F 
                       BITMASK_LOWER_NIBBLE
                               EQU              0x0F
   35 00000000         
   36 00000000         ; ------------------------------------------------------
                       ------------
   37 00000000         ; -- Variables
   38 00000000         ; ------------------------------------------------------
                       ------------
   39 00000000                 AREA             MyAsmVar, DATA, READWRITE
   40 00000000         ; STUDENTS: To be programmed
   41 00000000         ; Task 3.3
   42 00000000 00 00 00 
              00 00 00 
              00 00 00 
              00 00 00 
              00 00 00 
              00 00 00 
              00 00 00 
              00 00 00 
              00 00 00 
              00 00 00 
              00 00    data_table
                               SPACE            32
   43 00000020         
   44 00000020         
   45 00000020         
   46 00000020         ; END: To be programmed
   47 00000020                 ALIGN
   48 00000020         
   49 00000020         ; ------------------------------------------------------
                       ------------
   50 00000020         ; -- myCode
   51 00000020         ; ------------------------------------------------------
                       ------------
   52 00000020                 AREA             myCode, CODE, READONLY
   53 00000000         
   54 00000000         main    PROC
   55 00000000                 EXPORT           main
   56 00000000         
   57 00000000         readInput
   58 00000000 F000 F820       BL               waitForKey  ; wait for key to b
                                                            e pressed and relea
                                                            sed
   59 00000004         ; STUDENTS: To be programmed 3.2
   60 00000004 4815            LDR              R0,=BITMASK_LOWER_NIBBLE
   61 00000006         
   62 00000006 4916            LDR              R1,=ADDR_DIP_SWITCH_15_8
   63 00000008 4C16            LDR              R4,=ADDR_LED_15_8
   64 0000000A         
   65 0000000A 4A17            LDR              R2,=ADDR_DIP_SWITCH_7_0
   66 0000000C 4B17            LDR              R3,=ADDR_LED_7_0



ARM Macro Assembler    Page 3 


   67 0000000E         
   68 0000000E 6815            LDR              R5,[R2]     ; Read value Dip Sw
                                                            itch 0-7 into R5
   69 00000010 601D            STR              R5,[R3]     ; Write value Dipt 
                                                            switch 0-7 into LED
                                                             0-7
   70 00000012         
   71 00000012 680E            LDR              R6,[R1]     ; Read value Dip Sw
                                                            itch 8-15 into R6
   72 00000014 4006            ands             R6,R0,R6    ; Bitmask of Dipswi
                                                            tch for 8-11
   73 00000016         
   74 00000016 6026            STR              R6,[R4]     ; Write value Dipt 
                                                            switch 8-15 into LE
                                                            D 8-11
   75 00000018 6023            STR              R3,[R4]     ; Write value Dipt 
                                                            switch 8-15 into LE
                                                            D 8-11
   76 0000001A 0076            LSLS             R6, R6, #1  ; Leftshift
   77 0000001C         
   78 0000001C 4F14            LDR              R7,=data_table
   79 0000001E         
   80 0000001E 55BD            STRB             R5,[R7,R6]
   81 00000020         
   82 00000020         
   83 00000020         
   84 00000020 53BD            STRH             R5,[R7,R6]  ; led 0-7 in table 
                                                            with offset
   85 00000022         
   86 00000022         
   87 00000022         
   88 00000022         ;3.4
   89 00000022 4814            LDR              R0,=ADDR_DIP_SWITCH_31_24 ; Loa
                                                            d address of Dipswi
                                                            tch 24-31 to R0
   90 00000024 4914            LDR              R1,=ADDR_LED_31_24 ; Load addre
                                                            ss of LED 24-31
   91 00000026 4B0D            LDR              R3,=BITMASK_LOWER_NIBBLE ; Load
                                                             Value Bitmask lowe
                                                            r nibble to R3
   92 00000028         
   93 00000028 6802            LDR              R2,[R0]     ; Read value of Dip
                                                            switch 24-31 into R
                                                            2 
   94 0000002A 401A            ands             R2,R3,R2    ; Bitmask value in 
                                                            R2
   95 0000002C         
   96 0000002C 600A            STR              R2,[R1]     ; Write value to LE
                                                            D 24-31 into R2
   97 0000002E         
   98 0000002E         ;3.5
   99 0000002E 0052            LSLS             R2,R2,#1
  100 00000030 5CB8            LDRB             R0,[R7,R2]  ; Value switch 31-2
                                                            4 into table with o
                                                            ffset r2
  101 00000032         
  102 00000032 4912            LDR              R1,=ADDR_LED_23_16 ; Load addre
                                                            ss 16-23 into R1
  103 00000034 7008            STRB             R0,[R1]     ; write value of R0



ARM Macro Assembler    Page 4 


                                                             into LED 16-23
  104 00000036 6815            LDR              R5,[R2]
  105 00000038         
  106 00000038         
  107 00000038         ;Task 4
  108 00000038 4B11            LDR              R3,=ADDR_DISPL_0_1
  109 0000003A 4C12            LDR              R4,=ADDR_DISPL_2_3
  110 0000003C         
  111 0000003C 7018            STRB             R0,[R3]
  112 0000003E         
  113 0000003E 7025            STRB             R5,[R4]
  114 00000040         
  115 00000040         
  116 00000040         
  117 00000040         
  118 00000040         
  119 00000040         
  120 00000040         
  121 00000040         
  122 00000040         
  123 00000040         
  124 00000040         
  125 00000040         
  126 00000040         
  127 00000040         
  128 00000040         
  129 00000040         
  130 00000040         
  131 00000040         
  132 00000040         
  133 00000040         ; END: To be programmed
  134 00000040 E7DE            B                readInput
  135 00000042 00 00           ALIGN
  136 00000044         
  137 00000044         ; ------------------------------------------------------
                       ------------
  138 00000044         ; Subroutines
  139 00000044         ; ------------------------------------------------------
                       ------------
  140 00000044         
  141 00000044         ; wait for key to be pressed and released
  142 00000044         waitForKey
  143 00000044 B407            PUSH             {R0, R1, R2}
  144 00000046 4910            LDR              R1, =ADDR_BUTTONS ; laod base a
                                                            ddress of keys
  145 00000048 4A10            LDR              R2, =BITMASK_KEY_T0 
                                                            ; load key mask T0
  146 0000004A         
  147 0000004A         waitForPress
  148 0000004A 7808            LDRB             R0, [R1]    ; load key values
  149 0000004C 4210            TST              R0, R2      ; check, if key T0 
                                                            is pressed
  150 0000004E D0FC            BEQ              waitForPress
  151 00000050         
  152 00000050         waitForRelease
  153 00000050 7808            LDRB             R0, [R1]    ; load key values
  154 00000052 4210            TST              R0, R2      ; check, if key T0 
                                                            is released
  155 00000054 D1FC            BNE              waitForRelease



ARM Macro Assembler    Page 5 


  156 00000056         
  157 00000056 BC07            POP              {R0, R1, R2}
  158 00000058 4770            BX               LR
  159 0000005A 00 00           ALIGN
  160 0000005C         
  161 0000005C         ; ------------------------------------------------------
                       ------------
  162 0000005C         ; End of code
  163 0000005C         ; ------------------------------------------------------
                       ------------
  164 0000005C                 ENDP
  165 0000005C                 END
              0000000F 
              60000201 
              60000101 
              60000200 
              60000100 
              00000000 
              60000203 
              60000103 
              60000102 
              60000114 
              60000115 
              60000210 
              00000001 
Command Line: --debug --xref --diag_suppress=9931 --cpu=Cortex-M0 --depend=.\bu
ild\table.d -o.\build\table.o -I.\RTE\_Target_1 -IC:\Users\ashas\AppData\Local\
Arm\Packs\InES\CTBoard14_DFP\4.0.2\Device\Include -IC:\Users\ashas\AppData\Loca
l\Arm\Packs\InES\CTBoard14_DFP\4.0.2\Device\Include\m0 -IC:\Users\ashas\AppData
\Local\Arm\Packs\InES\CTBoard14_DFP\4.0.2\HAL\Include --predefine="__EVAL SETA 
1" --predefine="__UVISION_VERSION SETA 537" --predefine="_RTE_ SETA 1" --predef
ine="_RTE_ SETA 1" --list=.\build\table.lst app\table.s



ARM Macro Assembler    Page 1 Alphabetic symbol ordering
Relocatable symbols

MyAsmVar 00000000

Symbol: MyAsmVar
   Definitions
      At line 39 in file app\table.s
   Uses
      None
Comment: MyAsmVar unused
data_table 00000000

Symbol: data_table
   Definitions
      At line 42 in file app\table.s
   Uses
      At line 78 in file app\table.s
Comment: data_table used once
2 symbols



ARM Macro Assembler    Page 1 Alphabetic symbol ordering
Relocatable symbols

main 00000000

Symbol: main
   Definitions
      At line 54 in file app\table.s
   Uses
      At line 55 in file app\table.s
Comment: main used once
myCode 00000000

Symbol: myCode
   Definitions
      At line 52 in file app\table.s
   Uses
      None
Comment: myCode unused
readInput 00000000

Symbol: readInput
   Definitions
      At line 57 in file app\table.s
   Uses
      At line 134 in file app\table.s
Comment: readInput used once
waitForKey 00000044

Symbol: waitForKey
   Definitions
      At line 142 in file app\table.s
   Uses
      At line 58 in file app\table.s
Comment: waitForKey used once
waitForPress 0000004A

Symbol: waitForPress
   Definitions
      At line 147 in file app\table.s
   Uses
      At line 150 in file app\table.s
Comment: waitForPress used once
waitForRelease 00000050

Symbol: waitForRelease
   Definitions
      At line 152 in file app\table.s
   Uses
      At line 155 in file app\table.s
Comment: waitForRelease used once
6 symbols



ARM Macro Assembler    Page 1 Alphabetic symbol ordering
Absolute symbols

ADDR_BUTTONS 60000210

Symbol: ADDR_BUTTONS
   Definitions
      At line 29 in file app\table.s
   Uses
      At line 144 in file app\table.s
Comment: ADDR_BUTTONS used once
ADDR_DIP_SWITCH_15_8 60000201

Symbol: ADDR_DIP_SWITCH_15_8
   Definitions
      At line 23 in file app\table.s
   Uses
      At line 62 in file app\table.s
Comment: ADDR_DIP_SWITCH_15_8 used once
ADDR_DIP_SWITCH_31_24 60000203

Symbol: ADDR_DIP_SWITCH_31_24
   Definitions
      At line 24 in file app\table.s
   Uses
      At line 89 in file app\table.s
Comment: ADDR_DIP_SWITCH_31_24 used once
ADDR_DIP_SWITCH_7_0 60000200

Symbol: ADDR_DIP_SWITCH_7_0
   Definitions
      At line 22 in file app\table.s
   Uses
      At line 65 in file app\table.s
Comment: ADDR_DIP_SWITCH_7_0 used once
ADDR_DISPL_0_1 60000114

Symbol: ADDR_DISPL_0_1
   Definitions
      At line 30 in file app\table.s
   Uses
      At line 108 in file app\table.s
Comment: ADDR_DISPL_0_1 used once
ADDR_DISPL_2_3 60000115

Symbol: ADDR_DISPL_2_3
   Definitions
      At line 31 in file app\table.s
   Uses
      At line 109 in file app\table.s
Comment: ADDR_DISPL_2_3 used once
ADDR_LED_15_8 60000101

Symbol: ADDR_LED_15_8
   Definitions
      At line 26 in file app\table.s
   Uses
      At line 63 in file app\table.s
Comment: ADDR_LED_15_8 used once
ADDR_LED_23_16 60000102

Symbol: ADDR_LED_23_16



ARM Macro Assembler    Page 2 Alphabetic symbol ordering
Absolute symbols

   Definitions
      At line 27 in file app\table.s
   Uses
      At line 102 in file app\table.s
Comment: ADDR_LED_23_16 used once
ADDR_LED_31_24 60000103

Symbol: ADDR_LED_31_24
   Definitions
      At line 28 in file app\table.s
   Uses
      At line 90 in file app\table.s
Comment: ADDR_LED_31_24 used once
ADDR_LED_7_0 60000100

Symbol: ADDR_LED_7_0
   Definitions
      At line 25 in file app\table.s
   Uses
      At line 66 in file app\table.s
Comment: ADDR_LED_7_0 used once
BITMASK_KEY_T0 00000001

Symbol: BITMASK_KEY_T0
   Definitions
      At line 33 in file app\table.s
   Uses
      At line 145 in file app\table.s
Comment: BITMASK_KEY_T0 used once
BITMASK_LOWER_NIBBLE 0000000F

Symbol: BITMASK_LOWER_NIBBLE
   Definitions
      At line 34 in file app\table.s
   Uses
      At line 60 in file app\table.s
      At line 91 in file app\table.s

12 symbols
355 symbols in table
