


ARM Macro Assembler    Page 1 


    1 00000000         ; ------------------------------------------------------
                       ------------
    2 00000000         ; --  _____       ______  _____                         
                                  -
    3 00000000         ; -- |_   _|     |  ____|/ ____|                        
                                  -
    4 00000000         ; --   | |  _ __ | |__  | (___    Institute of Embedded 
                       Systems    -
    5 00000000         ; --   | | | '_ \|  __|  \___ \   Zurich University of  
                                  -
    6 00000000         ; --  _| |_| | | | |____ ____) |  Applied Sciences      
                                  -
    7 00000000         ; -- |_____|_| |_|______|_____/   8401 Winterthur, Switz
                       erland     -
    8 00000000         ; ------------------------------------------------------
                       ------------
    9 00000000         ; --
   10 00000000         ; -- table.s
   11 00000000         ; --
   12 00000000         ; -- CT1 P04 Ein- und Ausgabe von Tabellenwerten
   13 00000000         ; --
   14 00000000         ; -- $Id: table.s 800 2014-10-06 13:19:25Z ruan $
   15 00000000         ; ------------------------------------------------------
                       ------------
   16 00000000         ;Directives
   17 00000000                 PRESERVE8
   18 00000000                 THUMB
   19 00000000         ; ------------------------------------------------------
                       ------------
   20 00000000         ; -- Symbolic Literals
   21 00000000         ; ------------------------------------------------------
                       ------------
   22 00000000 60000200 
                       ADDR_DIP_SWITCH_7_0
                               EQU              0x60000200
   23 00000000 60000201 
                       ADDR_DIP_SWITCH_15_8
                               EQU              0x60000201
   24 00000000 60000203 
                       ADDR_DIP_SWITCH_31_24
                               EQU              0x60000203
   25 00000000 60000100 
                       ADDR_LED_7_0
                               EQU              0x60000100
   26 00000000 60000101 
                       ADDR_LED_15_8
                               EQU              0x60000101
   27 00000000 60000102 
                       ADDR_LED_23_16
                               EQU              0x60000102
   28 00000000 60000103 
                       ADDR_LED_31_24
                               EQU              0x60000103
   29 00000000 60000210 
                       ADDR_BUTTONS
                               EQU              0x60000210
   30 00000000         
   31 00000000 00000001 
                       BITMASK_KEY_T0



ARM Macro Assembler    Page 2 


                               EQU              0x01
   32 00000000 0000000F 
                       BITMASK_LOWER_NIBBLE
                               EQU              0x0F
   33 00000000         
   34 00000000         ; ------------------------------------------------------
                       ------------
   35 00000000         ; -- Variables
   36 00000000         ; ------------------------------------------------------
                       ------------
   37 00000000                 AREA             MyAsmVar, DATA, READWRITE
   38 00000000         ; STUDENTS: To be programmed
   39 00000000         ; Task 3.3
   40 00000000 00 00 00 
              00 00 00 
              00 00 00 
              00 00 00 
              00 00 00 
              00       data_table
                               SPACE            16
   41 00000010         
   42 00000010         
   43 00000010         
   44 00000010         ; END: To be programmed
   45 00000010                 ALIGN
   46 00000010         
   47 00000010         ; ------------------------------------------------------
                       ------------
   48 00000010         ; -- myCode
   49 00000010         ; ------------------------------------------------------
                       ------------
   50 00000010                 AREA             myCode, CODE, READONLY
   51 00000000         
   52 00000000         main    PROC
   53 00000000                 EXPORT           main
   54 00000000         
   55 00000000         readInput
   56 00000000 F000 F816       BL               waitForKey  ; wait for key to b
                                                            e pressed and relea
                                                            sed
   57 00000004         ; STUDENTS: To be programmed 3.2
   58 00000004 4810            LDR              R0,=BITMASK_LOWER_NIBBLE
   59 00000006         
   60 00000006 4911            LDR              R1,=ADDR_DIP_SWITCH_15_8
   61 00000008 4C11            LDR              R4,=ADDR_LED_15_8
   62 0000000A         
   63 0000000A 4A12            LDR              R2,=ADDR_DIP_SWITCH_7_0
   64 0000000C 4B12            LDR              R3,=ADDR_LED_7_0
   65 0000000E         
   66 0000000E 6815            LDR              R5,[R2]     ; Read value Dip Sw
                                                            itch 0-7 into R5
   67 00000010 601D            STR              R5,[R3]     ; Write value Dipt 
                                                            switch 0-7 into LED
                                                             0-7
   68 00000012         
   69 00000012 680E            LDR              R6,[R1]     ; Read value Dip Sw
                                                            itch 8-15 into R6
   70 00000014 4006            ands             R6,R0,R6    ; Bitmask of Dipswi
                                                            tch for 8-11



ARM Macro Assembler    Page 3 


   71 00000016 6026            STR              R6,[R4]     ; Write value Dipt 
                                                            switch 8-15 into LE
                                                            D 8-15
   72 00000018         ;Task 3.3
   73 00000018 4F10            LDR              R7,=data_table
   74 0000001A 55BD            STRB             R5,[R7,R6]  ;Dipswitch 0-7 in t
                                                            able with offset di
                                                            pswitch value 8-11 
                                                            
   75 0000001C         
   76 0000001C         ;3.4
   77 0000001C 4810            LDR              R0,=ADDR_DIP_SWITCH_31_24
   78 0000001E 4911            LDR              R1,=ADDR_LED_31_24
   79 00000020 4B09            LDR              R3,=BITMASK_LOWER_NIBBLE
   80 00000022         
   81 00000022 6802            LDR              R2,[R0]
   82 00000024 401A            ands             R2,R3,R2
   83 00000026 600A            STR              R2,[R1]
   84 00000028         
   85 00000028         ;3.5
   86 00000028 5CB8            LDRB             R0,[R7,R2]  ; Access table
   87 0000002A 490F            LDR              R1,=ADDR_LED_23_16
   88 0000002C 7008            STRB             R0,[R1]
   89 0000002E         
   90 0000002E         
   91 0000002E         
   92 0000002E         
   93 0000002E         
   94 0000002E         
   95 0000002E         
   96 0000002E         
   97 0000002E         ; END: To be programmed
   98 0000002E E7E7            B                readInput
   99 00000030                 ALIGN
  100 00000030         
  101 00000030         ; ------------------------------------------------------
                       ------------
  102 00000030         ; Subroutines
  103 00000030         ; ------------------------------------------------------
                       ------------
  104 00000030         
  105 00000030         ; wait for key to be pressed and released
  106 00000030         waitForKey
  107 00000030 B407            PUSH             {R0, R1, R2}
  108 00000032 490E            LDR              R1, =ADDR_BUTTONS ; laod base a
                                                            ddress of keys
  109 00000034 4A0E            LDR              R2, =BITMASK_KEY_T0 
                                                            ; load key mask T0
  110 00000036         
  111 00000036         waitForPress
  112 00000036 7808            LDRB             R0, [R1]    ; load key values
  113 00000038 4210            TST              R0, R2      ; check, if key T0 
                                                            is pressed
  114 0000003A D0FC            BEQ              waitForPress
  115 0000003C         
  116 0000003C         waitForRelease
  117 0000003C 7808            LDRB             R0, [R1]    ; load key values
  118 0000003E 4210            TST              R0, R2      ; check, if key T0 
                                                            is released



ARM Macro Assembler    Page 4 


  119 00000040 D1FC            BNE              waitForRelease
  120 00000042         
  121 00000042 BC07            POP              {R0, R1, R2}
  122 00000044 4770            BX               LR
  123 00000046 00 00           ALIGN
  124 00000048         
  125 00000048         ; ------------------------------------------------------
                       ------------
  126 00000048         ; End of code
  127 00000048         ; ------------------------------------------------------
                       ------------
  128 00000048                 ENDP
  129 00000048                 END
              0000000F 
              60000201 
              60000101 
              60000200 
              60000100 
              00000000 
              60000203 
              60000103 
              60000102 
              60000210 
              00000001 
Command Line: --debug --xref --diag_suppress=9931 --cpu=Cortex-M0 --depend=.\bu
ild\table.d -o.\build\table.o -I.\RTE\_Target_1 -IC:\Users\ashas\AppData\Local\
Arm\Packs\InES\CTBoard14_DFP\4.0.2\Device\Include -IC:\Users\ashas\AppData\Loca
l\Arm\Packs\InES\CTBoard14_DFP\4.0.2\Device\Include\m0 -IC:\Users\ashas\AppData
\Local\Arm\Packs\InES\CTBoard14_DFP\4.0.2\HAL\Include --predefine="__EVAL SETA 
1" --predefine="__UVISION_VERSION SETA 537" --predefine="_RTE_ SETA 1" --predef
ine="_RTE_ SETA 1" --list=.\build\table.lst app\table.s



ARM Macro Assembler    Page 1 Alphabetic symbol ordering
Relocatable symbols

MyAsmVar 00000000

Symbol: MyAsmVar
   Definitions
      At line 37 in file app\table.s
   Uses
      None
Comment: MyAsmVar unused
data_table 00000000

Symbol: data_table
   Definitions
      At line 40 in file app\table.s
   Uses
      At line 73 in file app\table.s
Comment: data_table used once
2 symbols



ARM Macro Assembler    Page 1 Alphabetic symbol ordering
Relocatable symbols

main 00000000

Symbol: main
   Definitions
      At line 52 in file app\table.s
   Uses
      At line 53 in file app\table.s
Comment: main used once
myCode 00000000

Symbol: myCode
   Definitions
      At line 50 in file app\table.s
   Uses
      None
Comment: myCode unused
readInput 00000000

Symbol: readInput
   Definitions
      At line 55 in file app\table.s
   Uses
      At line 98 in file app\table.s
Comment: readInput used once
waitForKey 00000030

Symbol: waitForKey
   Definitions
      At line 106 in file app\table.s
   Uses
      At line 56 in file app\table.s
Comment: waitForKey used once
waitForPress 00000036

Symbol: waitForPress
   Definitions
      At line 111 in file app\table.s
   Uses
      At line 114 in file app\table.s
Comment: waitForPress used once
waitForRelease 0000003C

Symbol: waitForRelease
   Definitions
      At line 116 in file app\table.s
   Uses
      At line 119 in file app\table.s
Comment: waitForRelease used once
6 symbols



ARM Macro Assembler    Page 1 Alphabetic symbol ordering
Absolute symbols

ADDR_BUTTONS 60000210

Symbol: ADDR_BUTTONS
   Definitions
      At line 29 in file app\table.s
   Uses
      At line 108 in file app\table.s
Comment: ADDR_BUTTONS used once
ADDR_DIP_SWITCH_15_8 60000201

Symbol: ADDR_DIP_SWITCH_15_8
   Definitions
      At line 23 in file app\table.s
   Uses
      At line 60 in file app\table.s
Comment: ADDR_DIP_SWITCH_15_8 used once
ADDR_DIP_SWITCH_31_24 60000203

Symbol: ADDR_DIP_SWITCH_31_24
   Definitions
      At line 24 in file app\table.s
   Uses
      At line 77 in file app\table.s
Comment: ADDR_DIP_SWITCH_31_24 used once
ADDR_DIP_SWITCH_7_0 60000200

Symbol: ADDR_DIP_SWITCH_7_0
   Definitions
      At line 22 in file app\table.s
   Uses
      At line 63 in file app\table.s
Comment: ADDR_DIP_SWITCH_7_0 used once
ADDR_LED_15_8 60000101

Symbol: ADDR_LED_15_8
   Definitions
      At line 26 in file app\table.s
   Uses
      At line 61 in file app\table.s
Comment: ADDR_LED_15_8 used once
ADDR_LED_23_16 60000102

Symbol: ADDR_LED_23_16
   Definitions
      At line 27 in file app\table.s
   Uses
      At line 87 in file app\table.s
Comment: ADDR_LED_23_16 used once
ADDR_LED_31_24 60000103

Symbol: ADDR_LED_31_24
   Definitions
      At line 28 in file app\table.s
   Uses
      At line 78 in file app\table.s
Comment: ADDR_LED_31_24 used once
ADDR_LED_7_0 60000100

Symbol: ADDR_LED_7_0



ARM Macro Assembler    Page 2 Alphabetic symbol ordering
Absolute symbols

   Definitions
      At line 25 in file app\table.s
   Uses
      At line 64 in file app\table.s
Comment: ADDR_LED_7_0 used once
BITMASK_KEY_T0 00000001

Symbol: BITMASK_KEY_T0
   Definitions
      At line 31 in file app\table.s
   Uses
      At line 109 in file app\table.s
Comment: BITMASK_KEY_T0 used once
BITMASK_LOWER_NIBBLE 0000000F

Symbol: BITMASK_LOWER_NIBBLE
   Definitions
      At line 32 in file app\table.s
   Uses
      At line 58 in file app\table.s
      At line 79 in file app\table.s

10 symbols
353 symbols in table
