


ARM Macro Assembler    Page 1 


    1 00000000         ; ------------------------------------------------------
                       ------------
    2 00000000         ; --  _____       ______  _____                         
                                  -
    3 00000000         ; -- |_   _|     |  ____|/ ____|                        
                                  -
    4 00000000         ; --   | |  _ __ | |__  | (___    Institute of Embedded 
                       Systems    -
    5 00000000         ; --   | | | '_ \|  __|  \___ \   Zurich University of  
                                  -
    6 00000000         ; --  _| |_| | | | |____ ____) |  Applied Sciences      
                                  -
    7 00000000         ; -- |_____|_| |_|______|_____/   8401 Winterthur, Switz
                       erland     -
    8 00000000         ; ------------------------------------------------------
                       ------------
    9 00000000         ; --
   10 00000000         ; -- main.s
   11 00000000         ; --
   12 00000000         ; -- CT1 P06 "ALU und Sprungbefehle" mit MUL
   13 00000000         ; --
   14 00000000         ; -- $Id: main.s 4857 2019-09-10 17:30:17Z akdi $
   15 00000000         ; ------------------------------------------------------
                       ------------
   16 00000000         ;Directives
   17 00000000                 PRESERVE8
   18 00000000                 THUMB
   19 00000000         
   20 00000000         ; ------------------------------------------------------
                       ------------
   21 00000000         ; -- Address Defines
   22 00000000         ; ------------------------------------------------------
                       ------------
   23 00000000         
   24 00000000 60000100 
                       ADDR_LED_15_0
                               EQU              0x60000100
   25 00000000 60000102 
                       ADDR_LED_31_16
                               EQU              0x60000102
   26 00000000 60000200 
                       ADDR_DIP_SWITCH_7_0
                               EQU              0x60000200
   27 00000000 60000201 
                       ADDR_DIP_SWITCH_15_8
                               EQU              0x60000201
   28 00000000 60000114 
                       ADDR_7_SEG_BIN_DS3_0
                               EQU              0x60000114
   29 00000000 60000210 
                       ADDR_BUTTONS
                               EQU              0x60000210
   30 00000000         
   31 00000000 60000340 
                       ADDR_LCD_RED
                               EQU              0x60000340
   32 00000000 60000342 
                       ADDR_LCD_GREEN
                               EQU              0x60000342



ARM Macro Assembler    Page 2 


   33 00000000 60000344 
                       ADDR_LCD_BLUE
                               EQU              0x60000344
   34 00000000 0000FFFF 
                       LCD_BACKLIGHT_FULL
                               EQU              0xffff
   35 00000000 00000000 
                       LCD_BACKLIGHT_OFF
                               EQU              0x0000
   36 00000000 0000000F 
                       BIT_MASK
                               EQU              0x0F
   37 00000000         
   38 00000000         
   39 00000000         ; ------------------------------------------------------
                       ------------
   40 00000000         ; -- myCode
   41 00000000         ; ------------------------------------------------------
                       ------------
   42 00000000                 AREA             myCode, CODE, READONLY
   43 00000000         
   44 00000000                 ENTRY
   45 00000000         
   46 00000000         main    PROC
   47 00000000                 export           main
   48 00000000         
   49 00000000         ; STUDENTS: To be programmed
   50 00000000 480A            LDR              R0,=ADDR_DIP_SWITCH_7_0 ;Load a
                                                            ddress Dip_Switch 0
                                                            -7   
   51 00000002 7800            LDRB             R0,[R0]     ;Read value of Dips
                                                            witch 0-7
   52 00000004 490A            LDR              R1,=BIT_MASK ;Load Bit_Mask for
                                                             switch 
   53 00000006 4008            ands             R0,R0,R1    ;and the bitmask wi
                                                            th Dipswitch 0-7 so
                                                             only 0-3 gets disp
                                                            layed
   54 00000008 0200            LSLS             R0,R0,#8    ;shift value of Dip
                                                            switch 0-3 so that 
                                                            it's displayed on L
                                                            ED 8-11
   55 0000000A 490A            LDR              R1,=ADDR_LED_15_0 ;Load address
                                                             LED 0-15   
   56 0000000C 6008            STR              R0,[R1]     ;Write value of Dip
                                                            switch 0-7 into LED
                                                             0-15
   57 0000000E         
   58 0000000E 490A            LDR              R1,=ADDR_DIP_SWITCH_15_8 ;Load 
                                                            address Dipswitch 8
                                                            -15
   59 00000010 7809            LDRB             R1,[R1]     ;Read value of dips
                                                            witch 8-15
   60 00000012 4A07            LDR              R2,=BIT_MASK ;Load Bitmask swit
                                                            ch
   61 00000014 4011            ands             R1,R1,R2    ;and the bitmask wi
                                                            th Dipswitch 8-15 s
                                                            o only 8-11 gets di
                                                            splayed



ARM Macro Assembler    Page 3 


   62 00000016 0309            LSLS             R1,R1,#12   ;shift value of dip
                                                            switch 8-11 so that
                                                             it's displayed on 
                                                            LED 12-15
   63 00000018 4A06            LDR              R2,=ADDR_LED_15_0 ;Load address
                                                             LED 0-15
   64 0000001A 6011            STR              R1,[R2]     ;Write value of Dip
                                                            switch 8-15 into LE
                                                            D 0-15
   65 0000001C         
   66 0000001C         
   67 0000001C         
   68 0000001C         
   69 0000001C         
   70 0000001C         
   71 0000001C         
   72 0000001C         
   73 0000001C         
   74 0000001C         ; END: To be programmed
   75 0000001C         
   76 0000001C E7FE            B                main
   77 0000001E                 ENDP
   78 0000001E         
   79 0000001E         ;----------------------------------------------------
   80 0000001E         ; Subroutines
   81 0000001E         ;----------------------------------------------------
   82 0000001E         
   83 0000001E         ;----------------------------------------------------
   84 0000001E         ; pause for disco_lights
   85 0000001E         pause   PROC
   86 0000001E B403            PUSH             {R0, R1}
   87 00000020 4906            LDR              R1, =1
   88 00000022 4807            LDR              R0, =0x000FFFFF
   89 00000024         
   90 00000024         loop
   91 00000024 1A40            SUBS             R0, R0, R1
   92 00000026 D2FD            BCS              loop
   93 00000028         
   94 00000028 BC03            POP              {R0, R1}
   95 0000002A 4770            BX               LR
   96 0000002C                 ALIGN
   97 0000002C                 ENDP
   98 0000002C         
   99 0000002C         ; ------------------------------------------------------
                       ------------
  100 0000002C         ; End of code
  101 0000002C         ; ------------------------------------------------------
                       ------------
  102 0000002C                 END
              60000200 
              0000000F 
              60000100 
              60000201 
              00000001 
              000FFFFF 
Command Line: --debug --xref --diag_suppress=9931 --cpu=Cortex-M0 --depend=.\bu
ild\main.d -o.\build\main.o -I.\RTE\_Target_1 -IC:\Users\ashas\AppData\Local\Ar
m\Packs\InES\CTBoard14_DFP\4.0.2\Device\Include -IC:\Users\ashas\AppData\Local\
Arm\Packs\InES\CTBoard14_DFP\4.0.2\Device\Include\m0 -IC:\Users\ashas\AppData\L



ARM Macro Assembler    Page 4 


ocal\Arm\Packs\InES\CTBoard14_DFP\4.0.2\HAL\Include --predefine="__EVAL SETA 1"
 --predefine="__UVISION_VERSION SETA 537" --predefine="_RTE_ SETA 1" --predefin
e="_RTE_ SETA 1" --list=.\build\main.lst app\main.s



ARM Macro Assembler    Page 1 Alphabetic symbol ordering
Relocatable symbols

loop 00000024

Symbol: loop
   Definitions
      At line 90 in file app\main.s
   Uses
      At line 92 in file app\main.s
Comment: loop used once
main 00000000

Symbol: main
   Definitions
      At line 46 in file app\main.s
   Uses
      At line 47 in file app\main.s
      At line 76 in file app\main.s

myCode 00000000

Symbol: myCode
   Definitions
      At line 42 in file app\main.s
   Uses
      None
Comment: myCode unused
pause 0000001E

Symbol: pause
   Definitions
      At line 85 in file app\main.s
   Uses
      None
Comment: pause unused
4 symbols



ARM Macro Assembler    Page 1 Alphabetic symbol ordering
Absolute symbols

ADDR_7_SEG_BIN_DS3_0 60000114

Symbol: ADDR_7_SEG_BIN_DS3_0
   Definitions
      At line 28 in file app\main.s
   Uses
      None
Comment: ADDR_7_SEG_BIN_DS3_0 unused
ADDR_BUTTONS 60000210

Symbol: ADDR_BUTTONS
   Definitions
      At line 29 in file app\main.s
   Uses
      None
Comment: ADDR_BUTTONS unused
ADDR_DIP_SWITCH_15_8 60000201

Symbol: ADDR_DIP_SWITCH_15_8
   Definitions
      At line 27 in file app\main.s
   Uses
      At line 58 in file app\main.s
Comment: ADDR_DIP_SWITCH_15_8 used once
ADDR_DIP_SWITCH_7_0 60000200

Symbol: ADDR_DIP_SWITCH_7_0
   Definitions
      At line 26 in file app\main.s
   Uses
      At line 50 in file app\main.s
Comment: ADDR_DIP_SWITCH_7_0 used once
ADDR_LCD_BLUE 60000344

Symbol: ADDR_LCD_BLUE
   Definitions
      At line 33 in file app\main.s
   Uses
      None
Comment: ADDR_LCD_BLUE unused
ADDR_LCD_GREEN 60000342

Symbol: ADDR_LCD_GREEN
   Definitions
      At line 32 in file app\main.s
   Uses
      None
Comment: ADDR_LCD_GREEN unused
ADDR_LCD_RED 60000340

Symbol: ADDR_LCD_RED
   Definitions
      At line 31 in file app\main.s
   Uses
      None
Comment: ADDR_LCD_RED unused
ADDR_LED_15_0 60000100

Symbol: ADDR_LED_15_0



ARM Macro Assembler    Page 2 Alphabetic symbol ordering
Absolute symbols

   Definitions
      At line 24 in file app\main.s
   Uses
      At line 55 in file app\main.s
      At line 63 in file app\main.s

ADDR_LED_31_16 60000102

Symbol: ADDR_LED_31_16
   Definitions
      At line 25 in file app\main.s
   Uses
      None
Comment: ADDR_LED_31_16 unused
BIT_MASK 0000000F

Symbol: BIT_MASK
   Definitions
      At line 36 in file app\main.s
   Uses
      At line 52 in file app\main.s
      At line 60 in file app\main.s

LCD_BACKLIGHT_FULL 0000FFFF

Symbol: LCD_BACKLIGHT_FULL
   Definitions
      At line 34 in file app\main.s
   Uses
      None
Comment: LCD_BACKLIGHT_FULL unused
LCD_BACKLIGHT_OFF 00000000

Symbol: LCD_BACKLIGHT_OFF
   Definitions
      At line 35 in file app\main.s
   Uses
      None
Comment: LCD_BACKLIGHT_OFF unused
12 symbols
351 symbols in table
